mode: atomic
github.com/mudler/localrecall/main.go:31.13,32.28 1 0
github.com/mudler/localrecall/main.go:32.28,34.3 1 0
github.com/mudler/localrecall/main.go:35.2,35.22 1 0
github.com/mudler/localrecall/main.go:35.22,38.3 2 0
github.com/mudler/localrecall/main.go:40.2,40.28 1 0
github.com/mudler/localrecall/main.go:40.28,42.3 1 0
github.com/mudler/localrecall/main.go:44.2,44.24 1 0
github.com/mudler/localrecall/main.go:44.24,46.3 1 0
github.com/mudler/localrecall/main.go:49.2,49.23 1 0
github.com/mudler/localrecall/main.go:52.37,65.19 9 0
github.com/mudler/localrecall/main.go:65.19,67.3 1 0
github.com/mudler/localrecall/main.go:69.2,70.27 2 0
github.com/mudler/localrecall/main.go:70.27,73.17 3 0
github.com/mudler/localrecall/main.go:73.17,75.4 1 0
github.com/mudler/localrecall/main.go:78.2,80.40 2 0
github.com/mudler/localrecall/main.go:83.13,85.2 1 0
github.com/mudler/localrecall/routes.go:26.101,27.26 1 0
github.com/mudler/localrecall/routes.go:28.17,29.120 1 0
github.com/mudler/localrecall/routes.go:30.17,31.137 1 0
github.com/mudler/localrecall/routes.go:32.18,34.24 2 0
github.com/mudler/localrecall/routes.go:34.24,37.4 2 0
github.com/mudler/localrecall/routes.go:38.3,38.135 1 0
github.com/mudler/localrecall/routes.go:39.10,41.13 2 0
github.com/mudler/localrecall/routes.go:44.2,44.12 1 0
github.com/mudler/localrecall/routes.go:48.106,52.26 2 0
github.com/mudler/localrecall/routes.go:52.26,57.3 3 0
github.com/mudler/localrecall/routes.go:59.2,59.22 1 0
github.com/mudler/localrecall/routes.go:59.22,60.54 1 0
github.com/mudler/localrecall/routes.go:60.54,61.38 1 0
github.com/mudler/localrecall/routes.go:61.38,64.26 3 0
github.com/mudler/localrecall/routes.go:64.26,66.6 1 0
github.com/mudler/localrecall/routes.go:67.5,67.38 1 0
github.com/mudler/localrecall/routes.go:67.38,68.75 1 0
github.com/mudler/localrecall/routes.go:68.75,70.7 1 0
github.com/mudler/localrecall/routes.go:73.5,73.73 1 0
github.com/mudler/localrecall/routes.go:78.2,87.67 10 0
github.com/mudler/localrecall/routes.go:91.145,92.36 1 0
github.com/mudler/localrecall/routes.go:92.36,98.35 3 0
github.com/mudler/localrecall/routes.go:98.35,100.4 1 0
github.com/mudler/localrecall/routes.go:102.3,108.48 4 0
github.com/mudler/localrecall/routes.go:112.87,113.36 1 0
github.com/mudler/localrecall/routes.go:113.36,116.14 3 0
github.com/mudler/localrecall/routes.go:116.14,118.4 1 0
github.com/mudler/localrecall/routes.go:120.3,125.35 3 0
github.com/mudler/localrecall/routes.go:125.35,127.4 1 0
github.com/mudler/localrecall/routes.go:129.3,129.57 1 0
github.com/mudler/localrecall/routes.go:129.57,131.4 1 0
github.com/mudler/localrecall/routes.go:133.3,133.59 1 0
github.com/mudler/localrecall/routes.go:137.67,138.36 1 0
github.com/mudler/localrecall/routes.go:138.36,141.14 3 0
github.com/mudler/localrecall/routes.go:141.14,143.4 1 0
github.com/mudler/localrecall/routes.go:145.3,145.44 1 0
github.com/mudler/localrecall/routes.go:145.44,147.4 1 0
github.com/mudler/localrecall/routes.go:149.3,151.13 2 0
github.com/mudler/localrecall/routes.go:155.68,156.36 1 0
github.com/mudler/localrecall/routes.go:156.36,159.14 3 0
github.com/mudler/localrecall/routes.go:159.14,161.4 1 0
github.com/mudler/localrecall/routes.go:163.3,169.35 3 0
github.com/mudler/localrecall/routes.go:169.35,171.4 1 0
github.com/mudler/localrecall/routes.go:173.3,175.24 2 0
github.com/mudler/localrecall/routes.go:175.24,176.44 1 0
github.com/mudler/localrecall/routes.go:176.44,178.5 1 0
github.com/mudler/localrecall/routes.go:178.10,180.5 1 0
github.com/mudler/localrecall/routes.go:183.3,184.17 2 0
github.com/mudler/localrecall/routes.go:184.17,186.4 1 0
github.com/mudler/localrecall/routes.go:188.3,188.40 1 0
github.com/mudler/localrecall/routes.go:192.53,194.2 1 0
github.com/mudler/localrecall/routes.go:196.71,197.36 1 0
github.com/mudler/localrecall/routes.go:197.36,200.14 3 0
github.com/mudler/localrecall/routes.go:200.14,202.4 1 0
github.com/mudler/localrecall/routes.go:204.3,204.59 1 0
github.com/mudler/localrecall/routes.go:209.91,210.36 1 0
github.com/mudler/localrecall/routes.go:210.36,213.14 3 0
github.com/mudler/localrecall/routes.go:213.14,216.4 2 0
github.com/mudler/localrecall/routes.go:218.3,219.17 2 0
github.com/mudler/localrecall/routes.go:219.17,222.4 2 0
github.com/mudler/localrecall/routes.go:224.3,225.17 2 0
github.com/mudler/localrecall/routes.go:225.17,228.4 2 0
github.com/mudler/localrecall/routes.go:229.3,233.17 4 0
github.com/mudler/localrecall/routes.go:233.17,236.4 2 0
github.com/mudler/localrecall/routes.go:237.3,240.17 3 0
github.com/mudler/localrecall/routes.go:240.17,243.4 2 0
github.com/mudler/localrecall/routes.go:245.3,245.44 1 0
github.com/mudler/localrecall/routes.go:245.44,248.4 2 0
github.com/mudler/localrecall/routes.go:251.3,252.17 2 0
github.com/mudler/localrecall/routes.go:252.17,255.4 2 0
github.com/mudler/localrecall/routes.go:257.3,257.43 1 0
github.com/mudler/localrecall/routes.go:262.44,264.2 1 0
github.com/mudler/localrecall/routes.go:267.84,268.36 1 0
github.com/mudler/localrecall/routes.go:268.36,271.14 3 0
github.com/mudler/localrecall/routes.go:271.14,273.4 1 0
github.com/mudler/localrecall/routes.go:275.3,281.35 3 0
github.com/mudler/localrecall/routes.go:281.35,283.4 1 0
github.com/mudler/localrecall/routes.go:285.3,285.27 1 0
github.com/mudler/localrecall/routes.go:285.27,287.4 1 0
github.com/mudler/localrecall/routes.go:290.3,293.107 2 0
github.com/mudler/localrecall/routes.go:293.107,295.4 1 0
github.com/mudler/localrecall/routes.go:297.3,297.104 1 0
github.com/mudler/localrecall/routes.go:302.82,303.36 1 0
github.com/mudler/localrecall/routes.go:303.36,311.35 4 0
github.com/mudler/localrecall/routes.go:311.35,313.4 1 0
github.com/mudler/localrecall/routes.go:315.3,315.65 1 0
github.com/mudler/localrecall/routes.go:315.65,317.4 1 0
github.com/mudler/localrecall/routes.go:319.3,319.101 1 0
github.com/mudler/localrecall/routes.go:324.73,325.36 1 0
github.com/mudler/localrecall/routes.go:325.36,328.14 3 0
github.com/mudler/localrecall/routes.go:328.14,330.4 1 0
github.com/mudler/localrecall/routes.go:333.3,337.34 3 0
github.com/mudler/localrecall/routes.go:337.34,343.4 1 0
github.com/mudler/localrecall/routes.go:345.3,345.41 1 0
github.com/mudler/localrecall/static.go:15.48,16.11 1 0
github.com/mudler/localrecall/static.go:16.11,18.3 1 0
github.com/mudler/localrecall/static.go:20.2,21.16 2 0
github.com/mudler/localrecall/static.go:21.16,22.13 1 0
github.com/mudler/localrecall/static.go:25.2,25.22 1 0
github.com/mudler/localrecall/static.go:28.42,32.2 3 0
github.com/mudler/localrecall/pkg/chunk/chunking.go:10.76,11.36 1 5
github.com/mudler/localrecall/pkg/chunk/chunking.go:11.36,13.3 1 2
github.com/mudler/localrecall/pkg/chunk/chunking.go:15.2,20.29 4 3
github.com/mudler/localrecall/pkg/chunk/chunking.go:20.29,23.78 1 49
github.com/mudler/localrecall/pkg/chunk/chunking.go:23.78,26.4 2 6
github.com/mudler/localrecall/pkg/chunk/chunking.go:26.9,26.65 1 43
github.com/mudler/localrecall/pkg/chunk/chunking.go:26.65,28.12 2 0
github.com/mudler/localrecall/pkg/chunk/chunking.go:32.3,32.29 1 49
github.com/mudler/localrecall/pkg/chunk/chunking.go:32.29,34.4 1 40
github.com/mudler/localrecall/pkg/chunk/chunking.go:37.3,37.33 1 49
github.com/mudler/localrecall/pkg/chunk/chunking.go:41.2,41.28 1 3
github.com/mudler/localrecall/pkg/chunk/chunking.go:41.28,43.3 1 3
github.com/mudler/localrecall/pkg/chunk/chunking.go:45.2,45.15 1 3
github.com/mudler/localrecall/pkg/client/client.go:22.40,26.2 1 0
github.com/mudler/localrecall/pkg/client/client.go:29.54,37.16 4 0
github.com/mudler/localrecall/pkg/client/client.go:37.16,39.3 1 0
github.com/mudler/localrecall/pkg/client/client.go:41.2,42.16 2 0
github.com/mudler/localrecall/pkg/client/client.go:42.16,44.3 1 0
github.com/mudler/localrecall/pkg/client/client.go:45.2,47.43 2 0
github.com/mudler/localrecall/pkg/client/client.go:47.43,49.3 1 0
github.com/mudler/localrecall/pkg/client/client.go:51.2,51.12 1 0
github.com/mudler/localrecall/pkg/client/client.go:55.54,59.16 3 0
github.com/mudler/localrecall/pkg/client/client.go:59.16,61.3 1 0
github.com/mudler/localrecall/pkg/client/client.go:62.2,64.38 2 0
github.com/mudler/localrecall/pkg/client/client.go:64.38,66.3 1 0
github.com/mudler/localrecall/pkg/client/client.go:68.2,70.16 3 0
github.com/mudler/localrecall/pkg/client/client.go:70.16,72.3 1 0
github.com/mudler/localrecall/pkg/client/client.go:74.2,74.25 1 0
github.com/mudler/localrecall/pkg/client/client.go:78.67,82.16 3 0
github.com/mudler/localrecall/pkg/client/client.go:82.16,84.3 1 0
github.com/mudler/localrecall/pkg/client/client.go:85.2,87.38 2 0
github.com/mudler/localrecall/pkg/client/client.go:87.38,89.3 1 0
github.com/mudler/localrecall/pkg/client/client.go:91.2,93.16 3 0
github.com/mudler/localrecall/pkg/client/client.go:93.16,95.3 1 0
github.com/mudler/localrecall/pkg/client/client.go:97.2,97.21 1 0
github.com/mudler/localrecall/pkg/client/client.go:101.74,109.16 5 0
github.com/mudler/localrecall/pkg/client/client.go:109.16,111.3 1 0
github.com/mudler/localrecall/pkg/client/client.go:114.2,115.16 2 0
github.com/mudler/localrecall/pkg/client/client.go:115.16,117.3 1 0
github.com/mudler/localrecall/pkg/client/client.go:119.2,123.16 3 0
github.com/mudler/localrecall/pkg/client/client.go:123.16,125.3 1 0
github.com/mudler/localrecall/pkg/client/client.go:127.2,129.38 2 0
github.com/mudler/localrecall/pkg/client/client.go:129.38,133.3 3 0
github.com/mudler/localrecall/pkg/client/client.go:135.2,137.16 3 0
github.com/mudler/localrecall/pkg/client/client.go:137.16,139.3 1 0
github.com/mudler/localrecall/pkg/client/client.go:141.2,141.21 1 0
github.com/mudler/localrecall/pkg/client/client.go:145.91,154.16 4 0
github.com/mudler/localrecall/pkg/client/client.go:154.16,156.3 1 0
github.com/mudler/localrecall/pkg/client/client.go:158.2,159.16 2 0
github.com/mudler/localrecall/pkg/client/client.go:159.16,161.3 1 0
github.com/mudler/localrecall/pkg/client/client.go:162.2,164.38 2 0
github.com/mudler/localrecall/pkg/client/client.go:164.38,166.3 1 0
github.com/mudler/localrecall/pkg/client/client.go:168.2,170.16 3 0
github.com/mudler/localrecall/pkg/client/client.go:170.16,172.3 1 0
github.com/mudler/localrecall/pkg/client/client.go:174.2,174.21 1 0
github.com/mudler/localrecall/pkg/client/client.go:177.49,180.16 3 0
github.com/mudler/localrecall/pkg/client/client.go:180.16,182.3 1 0
github.com/mudler/localrecall/pkg/client/client.go:184.2,186.16 3 0
github.com/mudler/localrecall/pkg/client/client.go:186.16,188.3 1 0
github.com/mudler/localrecall/pkg/client/client.go:189.2,191.38 2 0
github.com/mudler/localrecall/pkg/client/client.go:191.38,196.3 3 0
github.com/mudler/localrecall/pkg/client/client.go:198.2,198.12 1 0
github.com/mudler/localrecall/pkg/client/client.go:202.59,206.16 3 0
github.com/mudler/localrecall/pkg/client/client.go:206.16,208.3 1 0
github.com/mudler/localrecall/pkg/client/client.go:209.2,215.16 5 0
github.com/mudler/localrecall/pkg/client/client.go:215.16,217.3 1 0
github.com/mudler/localrecall/pkg/client/client.go:219.2,220.16 2 0
github.com/mudler/localrecall/pkg/client/client.go:220.16,222.3 1 0
github.com/mudler/localrecall/pkg/client/client.go:224.2,225.16 2 0
github.com/mudler/localrecall/pkg/client/client.go:225.16,227.3 1 0
github.com/mudler/localrecall/pkg/client/client.go:229.2,230.16 2 0
github.com/mudler/localrecall/pkg/client/client.go:230.16,232.3 1 0
github.com/mudler/localrecall/pkg/client/client.go:233.2,237.16 4 0
github.com/mudler/localrecall/pkg/client/client.go:237.16,239.3 1 0
github.com/mudler/localrecall/pkg/client/client.go:240.2,242.38 2 0
github.com/mudler/localrecall/pkg/client/client.go:242.38,252.17 6 0
github.com/mudler/localrecall/pkg/client/client.go:252.17,254.4 1 0
github.com/mudler/localrecall/pkg/client/client.go:256.3,256.45 1 0
github.com/mudler/localrecall/pkg/client/client.go:259.2,259.12 1 0
github.com/mudler/localrecall/rag/collection.go:18.151,20.16 2 0
github.com/mudler/localrecall/rag/collection.go:20.16,23.3 2 0
github.com/mudler/localrecall/rag/collection.go:25.2,30.16 2 0
github.com/mudler/localrecall/rag/collection.go:30.16,33.3 2 0
github.com/mudler/localrecall/rag/collection.go:35.2,35.21 1 0
github.com/mudler/localrecall/rag/collection.go:39.168,48.16 4 0
github.com/mudler/localrecall/rag/collection.go:48.16,51.3 2 0
github.com/mudler/localrecall/rag/collection.go:55.2,57.21 2 0
github.com/mudler/localrecall/rag/collection.go:61.173,63.16 2 0
github.com/mudler/localrecall/rag/collection.go:63.16,66.3 2 0
github.com/mudler/localrecall/rag/collection.go:68.2,73.16 2 0
github.com/mudler/localrecall/rag/collection.go:73.16,76.3 2 0
github.com/mudler/localrecall/rag/collection.go:78.2,78.21 1 0
github.com/mudler/localrecall/rag/collection.go:82.49,84.16 2 4
github.com/mudler/localrecall/rag/collection.go:84.16,87.3 2 1
github.com/mudler/localrecall/rag/collection.go:89.2,90.29 2 3
github.com/mudler/localrecall/rag/collection.go:90.29,91.112 1 2
github.com/mudler/localrecall/rag/collection.go:91.112,95.4 3 1
github.com/mudler/localrecall/rag/collection.go:98.2,98.20 1 3
github.com/mudler/localrecall/rag/persistency.go:39.52,41.16 2 0
github.com/mudler/localrecall/rag/persistency.go:41.16,43.3 1 0
github.com/mudler/localrecall/rag/persistency.go:45.2,47.16 3 0
github.com/mudler/localrecall/rag/persistency.go:47.16,50.60 2 0
github.com/mudler/localrecall/rag/persistency.go:50.60,52.4 1 0
github.com/mudler/localrecall/rag/persistency.go:53.3,54.45 2 0
github.com/mudler/localrecall/rag/persistency.go:57.2,57.19 1 0
github.com/mudler/localrecall/rag/persistency.go:60.164,63.52 1 0
github.com/mudler/localrecall/rag/persistency.go:63.52,65.3 1 0
github.com/mudler/localrecall/rag/persistency.go:67.2,67.46 1 0
github.com/mudler/localrecall/rag/persistency.go:67.46,79.3 4 0
github.com/mudler/localrecall/rag/persistency.go:81.2,82.16 2 0
github.com/mudler/localrecall/rag/persistency.go:82.16,84.3 1 0
github.com/mudler/localrecall/rag/persistency.go:85.2,103.38 3 0
github.com/mudler/localrecall/rag/persistency.go:103.38,106.58 3 0
github.com/mudler/localrecall/rag/persistency.go:106.58,109.4 2 0
github.com/mudler/localrecall/rag/persistency.go:112.2,112.16 1 0
github.com/mudler/localrecall/rag/persistency.go:115.86,120.2 3 0
github.com/mudler/localrecall/rag/persistency.go:122.39,124.26 2 0
github.com/mudler/localrecall/rag/persistency.go:124.26,126.3 1 0
github.com/mudler/localrecall/rag/persistency.go:127.2,131.42 5 0
github.com/mudler/localrecall/rag/persistency.go:131.42,133.3 1 0
github.com/mudler/localrecall/rag/persistency.go:134.2,135.12 2 0
github.com/mudler/localrecall/rag/persistency.go:138.38,144.16 3 0
github.com/mudler/localrecall/rag/persistency.go:144.16,146.3 1 0
github.com/mudler/localrecall/rag/persistency.go:148.2,148.42 1 0
github.com/mudler/localrecall/rag/persistency.go:151.37,156.2 3 0
github.com/mudler/localrecall/rag/persistency.go:159.44,161.42 1 0
github.com/mudler/localrecall/rag/persistency.go:161.42,163.3 1 0
github.com/mudler/localrecall/rag/persistency.go:165.2,166.26 2 0
github.com/mudler/localrecall/rag/persistency.go:166.26,168.3 1 0
github.com/mudler/localrecall/rag/persistency.go:170.2,170.67 1 0
github.com/mudler/localrecall/rag/persistency.go:170.67,172.3 1 0
github.com/mudler/localrecall/rag/persistency.go:174.2,174.12 1 0
github.com/mudler/localrecall/rag/persistency.go:177.44,182.2 3 0
github.com/mudler/localrecall/rag/persistency.go:185.50,190.26 4 0
github.com/mudler/localrecall/rag/persistency.go:190.26,192.3 1 0
github.com/mudler/localrecall/rag/persistency.go:193.2,193.14 1 0
github.com/mudler/localrecall/rag/persistency.go:196.56,202.26 4 0
github.com/mudler/localrecall/rag/persistency.go:202.26,203.17 1 0
github.com/mudler/localrecall/rag/persistency.go:203.17,205.4 1 0
github.com/mudler/localrecall/rag/persistency.go:208.2,208.14 1 0
github.com/mudler/localrecall/rag/persistency.go:212.79,217.2 3 0
github.com/mudler/localrecall/rag/persistency.go:219.83,225.16 4 0
github.com/mudler/localrecall/rag/persistency.go:225.16,227.3 1 0
github.com/mudler/localrecall/rag/persistency.go:228.2,230.53 2 0
github.com/mudler/localrecall/rag/persistency.go:230.53,232.3 1 0
github.com/mudler/localrecall/rag/persistency.go:234.2,236.16 3 0
github.com/mudler/localrecall/rag/persistency.go:236.16,238.3 1 0
github.com/mudler/localrecall/rag/persistency.go:239.2,242.18 3 0
github.com/mudler/localrecall/rag/persistency.go:245.88,255.17 6 0
github.com/mudler/localrecall/rag/persistency.go:255.17,260.40 3 0
github.com/mudler/localrecall/rag/persistency.go:260.40,262.4 1 0
github.com/mudler/localrecall/rag/persistency.go:264.3,264.30 1 0
github.com/mudler/localrecall/rag/persistency.go:264.30,266.104 2 0
github.com/mudler/localrecall/rag/persistency.go:266.104,269.5 2 0
github.com/mudler/localrecall/rag/persistency.go:270.4,271.160 2 0
github.com/mudler/localrecall/rag/persistency.go:275.3,275.29 1 0
github.com/mudler/localrecall/rag/persistency.go:280.2,280.42 1 0
github.com/mudler/localrecall/rag/persistency.go:280.42,282.3 1 0
github.com/mudler/localrecall/rag/persistency.go:283.2,283.53 1 0
github.com/mudler/localrecall/rag/persistency.go:283.53,285.3 1 0
github.com/mudler/localrecall/rag/persistency.go:288.2,290.16 3 0
github.com/mudler/localrecall/rag/persistency.go:290.16,292.3 1 0
github.com/mudler/localrecall/rag/persistency.go:293.2,297.34 3 0
github.com/mudler/localrecall/rag/persistency.go:297.34,299.3 1 0
github.com/mudler/localrecall/rag/persistency.go:301.2,301.12 1 0
github.com/mudler/localrecall/rag/persistency.go:304.101,308.26 3 0
github.com/mudler/localrecall/rag/persistency.go:308.26,311.17 3 0
github.com/mudler/localrecall/rag/persistency.go:311.17,313.4 1 0
github.com/mudler/localrecall/rag/persistency.go:314.3,317.23 4 0
github.com/mudler/localrecall/rag/persistency.go:317.23,319.4 1 0
github.com/mudler/localrecall/rag/persistency.go:320.3,321.17 2 0
github.com/mudler/localrecall/rag/persistency.go:321.17,323.4 1 0
github.com/mudler/localrecall/rag/persistency.go:324.3,324.30 1 0
github.com/mudler/localrecall/rag/persistency.go:324.30,326.4 1 0
github.com/mudler/localrecall/rag/persistency.go:327.3,328.24 2 0
github.com/mudler/localrecall/rag/persistency.go:331.2,331.21 1 0
github.com/mudler/localrecall/rag/persistency.go:334.57,339.2 3 0
github.com/mudler/localrecall/rag/persistency.go:341.61,344.58 2 0
github.com/mudler/localrecall/rag/persistency.go:344.58,351.99 4 0
github.com/mudler/localrecall/rag/persistency.go:351.99,354.4 2 0
github.com/mudler/localrecall/rag/persistency.go:357.3,357.38 1 0
github.com/mudler/localrecall/rag/persistency.go:357.38,359.18 2 0
github.com/mudler/localrecall/rag/persistency.go:359.18,362.19 3 0
github.com/mudler/localrecall/rag/persistency.go:362.19,365.6 2 0
github.com/mudler/localrecall/rag/persistency.go:369.3,377.19 7 0
github.com/mudler/localrecall/rag/persistency.go:380.2,380.26 1 0
github.com/mudler/localrecall/rag/persistency.go:380.26,381.17 1 0
github.com/mudler/localrecall/rag/persistency.go:381.17,383.9 2 0
github.com/mudler/localrecall/rag/persistency.go:388.2,388.24 1 0
github.com/mudler/localrecall/rag/persistency.go:391.38,393.47 1 0
github.com/mudler/localrecall/rag/persistency.go:393.47,395.3 1 0
github.com/mudler/localrecall/rag/persistency.go:397.2,398.16 2 0
github.com/mudler/localrecall/rag/persistency.go:398.16,400.3 1 0
github.com/mudler/localrecall/rag/persistency.go:402.2,403.56 2 0
github.com/mudler/localrecall/rag/persistency.go:403.56,405.3 1 0
github.com/mudler/localrecall/rag/persistency.go:407.2,407.12 1 0
github.com/mudler/localrecall/rag/persistency.go:410.66,411.50 1 0
github.com/mudler/localrecall/rag/persistency.go:411.50,413.3 1 0
github.com/mudler/localrecall/rag/persistency.go:419.2,420.19 2 0
github.com/mudler/localrecall/rag/persistency.go:421.14,423.17 2 0
github.com/mudler/localrecall/rag/persistency.go:423.17,425.4 1 0
github.com/mudler/localrecall/rag/persistency.go:426.3,428.17 3 0
github.com/mudler/localrecall/rag/persistency.go:428.17,430.4 1 0
github.com/mudler/localrecall/rag/persistency.go:431.3,432.73 2 0
github.com/mudler/localrecall/rag/persistency.go:433.21,436.17 3 0
github.com/mudler/localrecall/rag/persistency.go:436.17,439.4 2 0
github.com/mudler/localrecall/rag/persistency.go:440.3,442.17 3 0
github.com/mudler/localrecall/rag/persistency.go:442.17,445.4 2 0
github.com/mudler/localrecall/rag/persistency.go:446.3,449.22 4 0
github.com/mudler/localrecall/rag/persistency.go:449.22,451.23 2 0
github.com/mudler/localrecall/rag/persistency.go:451.23,453.5 1 0
github.com/mudler/localrecall/rag/persistency.go:455.3,455.21 1 0
github.com/mudler/localrecall/rag/persistency.go:457.10,458.51 1 0
github.com/mudler/localrecall/rag/persistency.go:461.2,461.43 1 0
github.com/mudler/localrecall/rag/persistency.go:465.64,469.2 3 0
github.com/mudler/localrecall/rag/persistency.go:472.73,477.31 3 0
github.com/mudler/localrecall/rag/persistency.go:477.31,478.26 1 0
github.com/mudler/localrecall/rag/persistency.go:478.26,480.4 1 0
github.com/mudler/localrecall/rag/persistency.go:483.2,484.18 2 0
github.com/mudler/localrecall/rag/persistency.go:488.64,492.31 3 0
github.com/mudler/localrecall/rag/persistency.go:492.31,493.19 1 0
github.com/mudler/localrecall/rag/persistency.go:493.19,497.4 2 0
github.com/mudler/localrecall/rag/persistency.go:500.2,500.47 1 0
github.com/mudler/localrecall/rag/source_manager.go:34.62,43.2 2 0
github.com/mudler/localrecall/rag/source_manager.go:46.84,53.33 5 0
github.com/mudler/localrecall/rag/source_manager.go:53.33,57.3 2 0
github.com/mudler/localrecall/rag/source_manager.go:61.100,66.13 4 0
github.com/mudler/localrecall/rag/source_manager.go:66.13,68.3 1 0
github.com/mudler/localrecall/rag/source_manager.go:70.2,77.62 2 0
github.com/mudler/localrecall/rag/source_manager.go:77.62,79.3 1 0
github.com/mudler/localrecall/rag/source_manager.go:81.2,86.12 3 0
github.com/mudler/localrecall/rag/source_manager.go:90.73,95.13 4 0
github.com/mudler/localrecall/rag/source_manager.go:95.13,97.3 1 0
github.com/mudler/localrecall/rag/source_manager.go:100.2,100.61 1 0
github.com/mudler/localrecall/rag/source_manager.go:100.61,102.3 1 0
github.com/mudler/localrecall/rag/source_manager.go:104.2,104.114 1 0
github.com/mudler/localrecall/rag/source_manager.go:104.114,106.3 1 0
github.com/mudler/localrecall/rag/source_manager.go:109.2,110.28 2 0
github.com/mudler/localrecall/rag/source_manager.go:110.28,111.19 1 0
github.com/mudler/localrecall/rag/source_manager.go:111.19,113.9 2 0
github.com/mudler/localrecall/rag/source_manager.go:117.2,117.12 1 0
github.com/mudler/localrecall/rag/source_manager.go:121.112,128.16 4 0
github.com/mudler/localrecall/rag/source_manager.go:128.16,131.3 2 0
github.com/mudler/localrecall/rag/source_manager.go:133.2,134.23 2 0
github.com/mudler/localrecall/rag/source_manager.go:134.23,137.3 2 0
github.com/mudler/localrecall/rag/source_manager.go:142.2,147.50 4 0
github.com/mudler/localrecall/rag/source_manager.go:147.50,150.3 2 0
github.com/mudler/localrecall/rag/source_manager.go:151.2,154.69 3 0
github.com/mudler/localrecall/rag/source_manager.go:154.69,157.3 2 0
github.com/mudler/localrecall/rag/source_manager.go:159.2,163.97 2 0
github.com/mudler/localrecall/rag/source_manager.go:163.97,166.3 2 0
github.com/mudler/localrecall/rag/source_manager.go:168.2,168.85 1 0
github.com/mudler/localrecall/rag/source_manager.go:172.37,192.40 3 0
github.com/mudler/localrecall/rag/source_manager.go:192.40,194.3 1 0
github.com/mudler/localrecall/rag/source_manager.go:197.2,200.26 2 0
github.com/mudler/localrecall/rag/source_manager.go:200.26,202.3 1 0
github.com/mudler/localrecall/rag/source_manager.go:204.2,204.18 1 0
github.com/mudler/localrecall/rag/source_manager.go:208.34,209.12 1 0
github.com/mudler/localrecall/rag/source_manager.go:209.12,213.7 3 0
github.com/mudler/localrecall/rag/source_manager.go:213.7,214.11 1 0
github.com/mudler/localrecall/rag/source_manager.go:215.25,216.11 1 0
github.com/mudler/localrecall/rag/source_manager.go:217.20,219.53 2 0
github.com/mudler/localrecall/rag/source_manager.go:219.53,221.37 2 0
github.com/mudler/localrecall/rag/source_manager.go:221.37,222.65 1 0
github.com/mudler/localrecall/rag/source_manager.go:222.65,224.8 1 0
github.com/mudler/localrecall/rag/source_manager.go:227.5,227.20 1 0
github.com/mudler/localrecall/rag/source_manager.go:234.33,236.2 1 0
github.com/mudler/localrecall/rag/engine/localai/client.go:50.60,56.2 1 0
github.com/mudler/localrecall/rag/engine/localai/client.go:59.49,61.2 1 0
github.com/mudler/localrecall/rag/engine/localai/client.go:64.65,66.16 2 0
github.com/mudler/localrecall/rag/engine/localai/client.go:66.16,68.3 1 0
github.com/mudler/localrecall/rag/engine/localai/client.go:70.2,72.16 3 0
github.com/mudler/localrecall/rag/engine/localai/client.go:72.16,74.3 1 0
github.com/mudler/localrecall/rag/engine/localai/client.go:76.2,76.19 1 0
github.com/mudler/localrecall/rag/engine/localai/client.go:80.55,82.2 1 0
github.com/mudler/localrecall/rag/engine/localai/client.go:85.68,87.16 2 0
github.com/mudler/localrecall/rag/engine/localai/client.go:87.16,89.3 1 0
github.com/mudler/localrecall/rag/engine/localai/client.go:91.2,93.16 3 0
github.com/mudler/localrecall/rag/engine/localai/client.go:93.16,95.3 1 0
github.com/mudler/localrecall/rag/engine/localai/client.go:97.2,97.19 1 0
github.com/mudler/localrecall/rag/engine/localai/client.go:101.70,103.16 2 0
github.com/mudler/localrecall/rag/engine/localai/client.go:103.16,105.3 1 0
github.com/mudler/localrecall/rag/engine/localai/client.go:107.2,108.16 2 0
github.com/mudler/localrecall/rag/engine/localai/client.go:108.16,110.3 1 0
github.com/mudler/localrecall/rag/engine/localai/client.go:112.2,112.22 1 0
github.com/mudler/localrecall/rag/engine/localai/client.go:112.22,114.3 1 0
github.com/mudler/localrecall/rag/engine/localai/client.go:115.2,118.16 3 0
github.com/mudler/localrecall/rag/engine/localai/client.go:118.16,120.3 1 0
github.com/mudler/localrecall/rag/engine/localai/client.go:121.2,123.38 2 0
github.com/mudler/localrecall/rag/engine/localai/client.go:123.38,125.3 1 0
github.com/mudler/localrecall/rag/engine/localai/client.go:127.2,127.12 1 0
github.com/mudler/localrecall/rag/engine/localai/client.go:131.92,133.16 2 0
github.com/mudler/localrecall/rag/engine/localai/client.go:133.16,135.3 1 0
github.com/mudler/localrecall/rag/engine/localai/client.go:137.2,138.16 2 0
github.com/mudler/localrecall/rag/engine/localai/client.go:138.16,140.3 1 0
github.com/mudler/localrecall/rag/engine/localai/client.go:141.2,143.22 2 0
github.com/mudler/localrecall/rag/engine/localai/client.go:143.22,145.3 1 0
github.com/mudler/localrecall/rag/engine/localai/client.go:146.2,147.16 2 0
github.com/mudler/localrecall/rag/engine/localai/client.go:147.16,149.3 1 0
github.com/mudler/localrecall/rag/engine/localai/client.go:150.2,152.38 2 0
github.com/mudler/localrecall/rag/engine/localai/client.go:152.38,154.3 1 0
github.com/mudler/localrecall/rag/engine/localai/client.go:156.2,157.16 2 0
github.com/mudler/localrecall/rag/engine/localai/client.go:157.16,159.3 1 0
github.com/mudler/localrecall/rag/engine/localai/client.go:161.2,161.18 1 0
github.com/mudler/localrecall/rag/sources/git.go:15.77,18.16 2 1
github.com/mudler/localrecall/rag/sources/git.go:18.16,20.3 1 0
github.com/mudler/localrecall/rag/sources/git.go:21.2,32.22 3 1
github.com/mudler/localrecall/rag/sources/git.go:32.22,35.17 2 0
github.com/mudler/localrecall/rag/sources/git.go:35.17,37.4 1 0
github.com/mudler/localrecall/rag/sources/git.go:40.3,41.17 2 0
github.com/mudler/localrecall/rag/sources/git.go:41.17,43.4 1 0
github.com/mudler/localrecall/rag/sources/git.go:44.3,44.27 1 0
github.com/mudler/localrecall/rag/sources/git.go:48.2,49.16 2 1
github.com/mudler/localrecall/rag/sources/git.go:49.16,51.3 1 1
github.com/mudler/localrecall/rag/sources/git.go:54.2,55.84 2 0
github.com/mudler/localrecall/rag/sources/git.go:55.84,56.17 1 0
github.com/mudler/localrecall/rag/sources/git.go:56.17,58.4 1 0
github.com/mudler/localrecall/rag/sources/git.go:61.3,61.44 1 0
github.com/mudler/localrecall/rag/sources/git.go:61.44,63.4 1 0
github.com/mudler/localrecall/rag/sources/git.go:66.3,66.40 1 0
github.com/mudler/localrecall/rag/sources/git.go:66.40,68.18 2 0
github.com/mudler/localrecall/rag/sources/git.go:68.18,70.5 1 0
github.com/mudler/localrecall/rag/sources/git.go:71.4,73.29 3 0
github.com/mudler/localrecall/rag/sources/git.go:75.3,75.13 1 0
github.com/mudler/localrecall/rag/sources/git.go:78.2,78.16 1 0
github.com/mudler/localrecall/rag/sources/git.go:78.16,80.3 1 0
github.com/mudler/localrecall/rag/sources/git.go:82.2,82.30 1 0
github.com/mudler/localrecall/rag/sources/git.go:86.35,101.2 3 0
github.com/mudler/localrecall/rag/sources/router.go:9.63,12.9 2 3
github.com/mudler/localrecall/rag/sources/router.go:13.38,15.17 2 1
github.com/mudler/localrecall/rag/sources/router.go:15.17,17.4 1 1
github.com/mudler/localrecall/rag/sources/router.go:18.3,19.22 2 0
github.com/mudler/localrecall/rag/sources/router.go:20.45,22.17 2 1
github.com/mudler/localrecall/rag/sources/router.go:22.17,24.4 1 1
github.com/mudler/localrecall/rag/sources/router.go:25.3,26.42 2 0
github.com/mudler/localrecall/rag/sources/router.go:27.10,29.25 1 1
github.com/mudler/localrecall/rag/sources/web.go:14.45,20.16 3 3
github.com/mudler/localrecall/rag/sources/web.go:20.16,22.3 1 0
github.com/mudler/localrecall/rag/sources/web.go:25.2,28.16 3 3
github.com/mudler/localrecall/rag/sources/web.go:28.16,30.3 1 3
github.com/mudler/localrecall/rag/sources/web.go:31.2,33.38 2 0
github.com/mudler/localrecall/rag/sources/web.go:33.38,35.3 1 0
github.com/mudler/localrecall/rag/sources/web.go:37.2,38.16 2 0
github.com/mudler/localrecall/rag/sources/web.go:38.16,40.3 1 0
github.com/mudler/localrecall/rag/sources/web.go:42.2,43.16 2 0
github.com/mudler/localrecall/rag/sources/web.go:43.16,45.3 1 0
github.com/mudler/localrecall/rag/sources/web.go:47.2,47.21 1 0
github.com/mudler/localrecall/rag/sources/web.go:47.21,50.3 1 0
github.com/mudler/localrecall/rag/sources/web.go:52.2,52.18 1 0
github.com/mudler/localrecall/rag/sources/web.go:55.65,56.63 1 3
github.com/mudler/localrecall/rag/sources/web.go:56.63,59.17 3 0
github.com/mudler/localrecall/rag/sources/web.go:59.17,61.4 1 0
github.com/mudler/localrecall/rag/sources/web.go:62.3,62.13 1 0
github.com/mudler/localrecall/rag/sources/web.go:64.2,64.8 1 3
github.com/mudler/localrecall/rag/engine/chromem.go:22.127,24.16 2 0
github.com/mudler/localrecall/rag/engine/chromem.go:24.16,26.3 1 0
github.com/mudler/localrecall/rag/engine/chromem.go:28.2,37.16 3 0
github.com/mudler/localrecall/rag/engine/chromem.go:37.16,39.3 1 0
github.com/mudler/localrecall/rag/engine/chromem.go:40.2,43.15 3 0
github.com/mudler/localrecall/rag/engine/chromem.go:43.15,45.3 1 0
github.com/mudler/localrecall/rag/engine/chromem.go:47.2,47.21 1 0
github.com/mudler/localrecall/rag/engine/chromem.go:50.33,52.2 1 0
github.com/mudler/localrecall/rag/engine/chromem.go:54.35,55.64 1 0
github.com/mudler/localrecall/rag/engine/chromem.go:55.64,57.3 1 0
github.com/mudler/localrecall/rag/engine/chromem.go:58.2,59.16 2 0
github.com/mudler/localrecall/rag/engine/chromem.go:59.16,61.3 1 0
github.com/mudler/localrecall/rag/engine/chromem.go:62.2,64.12 2 0
github.com/mudler/localrecall/rag/engine/chromem.go:67.59,69.16 2 0
github.com/mudler/localrecall/rag/engine/chromem.go:69.16,71.3 1 0
github.com/mudler/localrecall/rag/engine/chromem.go:73.2,74.16 2 0
github.com/mudler/localrecall/rag/engine/chromem.go:74.16,76.3 1 0
github.com/mudler/localrecall/rag/engine/chromem.go:78.2,78.32 1 0
github.com/mudler/localrecall/rag/engine/chromem.go:81.55,83.61 1 0
github.com/mudler/localrecall/rag/engine/chromem.go:83.61,90.18 2 0
github.com/mudler/localrecall/rag/engine/chromem.go:90.18,92.5 1 0
github.com/mudler/localrecall/rag/engine/chromem.go:94.4,94.27 1 0
github.com/mudler/localrecall/rag/engine/chromem.go:94.27,96.5 1 0
github.com/mudler/localrecall/rag/engine/chromem.go:98.4,100.25 2 0
github.com/mudler/localrecall/rag/engine/chromem.go:105.81,106.15 1 0
github.com/mudler/localrecall/rag/engine/chromem.go:106.15,108.3 1 0
github.com/mudler/localrecall/rag/engine/chromem.go:109.2,109.13 1 0
github.com/mudler/localrecall/rag/engine/chromem.go:109.13,111.3 1 0
github.com/mudler/localrecall/rag/engine/chromem.go:113.2,119.35 1 0
github.com/mudler/localrecall/rag/engine/chromem.go:119.35,121.3 1 0
github.com/mudler/localrecall/rag/engine/chromem.go:123.2,125.8 1 0
github.com/mudler/localrecall/rag/engine/chromem.go:128.94,129.15 1 0
github.com/mudler/localrecall/rag/engine/chromem.go:129.15,131.3 1 0
github.com/mudler/localrecall/rag/engine/chromem.go:133.2,133.17 1 0
github.com/mudler/localrecall/rag/engine/chromem.go:133.17,135.3 1 0
github.com/mudler/localrecall/rag/engine/chromem.go:137.2,139.28 3 0
github.com/mudler/localrecall/rag/engine/chromem.go:139.28,148.3 2 0
github.com/mudler/localrecall/rag/engine/chromem.go:150.2,150.101 1 0
github.com/mudler/localrecall/rag/engine/chromem.go:150.101,152.3 1 0
github.com/mudler/localrecall/rag/engine/chromem.go:154.2,154.21 1 0
github.com/mudler/localrecall/rag/engine/chromem.go:157.108,159.2 1 0
github.com/mudler/localrecall/rag/engine/chromem.go:161.62,163.16 2 0
github.com/mudler/localrecall/rag/engine/chromem.go:163.16,165.3 1 0
github.com/mudler/localrecall/rag/engine/chromem.go:167.2,167.84 1 0
github.com/mudler/localrecall/rag/engine/chromem.go:170.82,172.16 2 0
github.com/mudler/localrecall/rag/engine/chromem.go:172.16,174.3 1 0
github.com/mudler/localrecall/rag/engine/chromem.go:176.2,178.24 2 0
github.com/mudler/localrecall/rag/engine/chromem.go:178.24,186.3 1 0
github.com/mudler/localrecall/rag/engine/chromem.go:188.2,188.21 1 0
github.com/mudler/localrecall/rag/engine/localai.go:18.123,24.2 1 0
github.com/mudler/localrecall/rag/engine/localai.go:26.39,28.2 1 0
github.com/mudler/localrecall/rag/engine/localai.go:30.37,32.2 1 0
github.com/mudler/localrecall/rag/engine/localai.go:34.63,36.2 1 0
github.com/mudler/localrecall/rag/engine/localai.go:38.98,40.28 2 0
github.com/mudler/localrecall/rag/engine/localai.go:40.28,42.17 2 0
github.com/mudler/localrecall/rag/engine/localai.go:42.17,44.4 1 0
github.com/mudler/localrecall/rag/engine/localai.go:45.3,45.36 1 0
github.com/mudler/localrecall/rag/engine/localai.go:47.2,47.21 1 0
github.com/mudler/localrecall/rag/engine/localai.go:50.85,57.16 2 0
github.com/mudler/localrecall/rag/engine/localai.go:57.16,59.3 1 0
github.com/mudler/localrecall/rag/engine/localai.go:61.2,61.25 1 0
github.com/mudler/localrecall/rag/engine/localai.go:61.25,63.3 1 0
github.com/mudler/localrecall/rag/engine/localai.go:65.2,72.16 4 0
github.com/mudler/localrecall/rag/engine/localai.go:72.16,74.3 1 0
github.com/mudler/localrecall/rag/engine/localai.go:76.2,80.8 2 0
github.com/mudler/localrecall/rag/engine/localai.go:83.112,85.2 1 0
github.com/mudler/localrecall/rag/engine/localai.go:87.66,89.2 1 0
github.com/mudler/localrecall/rag/engine/localai.go:91.86,98.16 2 0
github.com/mudler/localrecall/rag/engine/localai.go:98.16,100.3 1 0
github.com/mudler/localrecall/rag/engine/localai.go:102.2,102.25 1 0
github.com/mudler/localrecall/rag/engine/localai.go:102.25,104.3 1 0
github.com/mudler/localrecall/rag/engine/localai.go:105.2,113.16 4 0
github.com/mudler/localrecall/rag/engine/localai.go:113.16,115.3 1 0
github.com/mudler/localrecall/rag/engine/localai.go:117.2,119.36 2 0
github.com/mudler/localrecall/rag/engine/localai.go:119.36,124.3 1 0
github.com/mudler/localrecall/rag/engine/localai.go:126.2,126.21 1 0
github.com/mudler/localrecall/rag/engine/postgres.go:30.140,31.23 1 0
github.com/mudler/localrecall/rag/engine/postgres.go:31.23,33.3 1 0
github.com/mudler/localrecall/rag/engine/postgres.go:36.2,37.16 2 0
github.com/mudler/localrecall/rag/engine/postgres.go:37.16,39.3 1 0
github.com/mudler/localrecall/rag/engine/postgres.go:42.2,43.16 2 0
github.com/mudler/localrecall/rag/engine/postgres.go:43.16,45.3 1 0
github.com/mudler/localrecall/rag/engine/postgres.go:48.2,48.56 1 0
github.com/mudler/localrecall/rag/engine/postgres.go:48.56,50.3 1 0
github.com/mudler/localrecall/rag/engine/postgres.go:53.2,54.16 2 0
github.com/mudler/localrecall/rag/engine/postgres.go:54.16,56.3 1 0
github.com/mudler/localrecall/rag/engine/postgres.go:57.2,62.58 4 0
github.com/mudler/localrecall/rag/engine/postgres.go:62.58,63.59 1 0
github.com/mudler/localrecall/rag/engine/postgres.go:63.59,65.4 1 0
github.com/mudler/localrecall/rag/engine/postgres.go:67.2,67.60 1 0
github.com/mudler/localrecall/rag/engine/postgres.go:67.60,68.59 1 0
github.com/mudler/localrecall/rag/engine/postgres.go:68.59,70.4 1 0
github.com/mudler/localrecall/rag/engine/postgres.go:73.2,85.43 2 0
github.com/mudler/localrecall/rag/engine/postgres.go:85.43,88.3 2 0
github.com/mudler/localrecall/rag/engine/postgres.go:91.2,91.59 1 0
github.com/mudler/localrecall/rag/engine/postgres.go:91.59,94.3 1 0
github.com/mudler/localrecall/rag/engine/postgres.go:96.2,96.16 1 0
github.com/mudler/localrecall/rag/engine/postgres.go:99.44,105.91 4 0
github.com/mudler/localrecall/rag/engine/postgres.go:105.91,107.3 1 0
github.com/mudler/localrecall/rag/engine/postgres.go:108.2,108.28 1 0
github.com/mudler/localrecall/rag/engine/postgres.go:111.79,118.16 2 0
github.com/mudler/localrecall/rag/engine/postgres.go:118.16,120.3 1 0
github.com/mudler/localrecall/rag/engine/postgres.go:121.2,121.25 1 0
github.com/mudler/localrecall/rag/engine/postgres.go:121.25,123.3 1 0
github.com/mudler/localrecall/rag/engine/postgres.go:124.2,124.36 1 0
github.com/mudler/localrecall/rag/engine/postgres.go:127.44,132.16 3 0
github.com/mudler/localrecall/rag/engine/postgres.go:132.16,134.3 1 0
github.com/mudler/localrecall/rag/engine/postgres.go:136.2,137.16 2 0
github.com/mudler/localrecall/rag/engine/postgres.go:137.16,141.17 3 0
github.com/mudler/localrecall/rag/engine/postgres.go:141.17,143.4 1 0
github.com/mudler/localrecall/rag/engine/postgres.go:147.2,156.16 2 0
github.com/mudler/localrecall/rag/engine/postgres.go:156.16,158.3 1 0
github.com/mudler/localrecall/rag/engine/postgres.go:161.2,174.16 2 0
github.com/mudler/localrecall/rag/engine/postgres.go:174.16,176.3 1 0
github.com/mudler/localrecall/rag/engine/postgres.go:180.2,183.16 2 0
github.com/mudler/localrecall/rag/engine/postgres.go:183.16,185.3 1 0
github.com/mudler/localrecall/rag/engine/postgres.go:188.2,192.16 2 0
github.com/mudler/localrecall/rag/engine/postgres.go:192.16,194.3 1 0
github.com/mudler/localrecall/rag/engine/postgres.go:197.2,201.16 2 0
github.com/mudler/localrecall/rag/engine/postgres.go:201.16,207.17 3 0
github.com/mudler/localrecall/rag/engine/postgres.go:207.17,209.4 1 0
github.com/mudler/localrecall/rag/engine/postgres.go:212.2,212.12 1 0
github.com/mudler/localrecall/rag/engine/postgres.go:215.60,227.26 5 0
github.com/mudler/localrecall/rag/engine/postgres.go:227.26,234.3 2 0
github.com/mudler/localrecall/rag/engine/postgres.go:235.2,235.16 1 0
github.com/mudler/localrecall/rag/engine/postgres.go:235.16,237.3 1 0
github.com/mudler/localrecall/rag/engine/postgres.go:240.2,240.71 1 0
github.com/mudler/localrecall/rag/engine/postgres.go:240.71,252.17 3 0
github.com/mudler/localrecall/rag/engine/postgres.go:252.17,254.4 1 0
github.com/mudler/localrecall/rag/engine/postgres.go:255.3,259.19 4 0
github.com/mudler/localrecall/rag/engine/postgres.go:259.19,262.48 3 0
github.com/mudler/localrecall/rag/engine/postgres.go:262.48,263.13 1 0
github.com/mudler/localrecall/rag/engine/postgres.go:265.4,266.31 2 0
github.com/mudler/localrecall/rag/engine/postgres.go:269.3,269.21 1 0
github.com/mudler/localrecall/rag/engine/postgres.go:269.21,272.47 2 0
github.com/mudler/localrecall/rag/engine/postgres.go:272.47,274.25 2 0
github.com/mudler/localrecall/rag/engine/postgres.go:274.25,276.6 1 0
github.com/mudler/localrecall/rag/engine/postgres.go:278.5,288.19 4 0
github.com/mudler/localrecall/rag/engine/postgres.go:288.19,290.14 2 0
github.com/mudler/localrecall/rag/engine/postgres.go:294.5,294.41 1 0
github.com/mudler/localrecall/rag/engine/postgres.go:294.41,295.28 1 0
github.com/mudler/localrecall/rag/engine/postgres.go:295.28,296.12 1 0
github.com/mudler/localrecall/rag/engine/postgres.go:298.6,302.20 3 0
github.com/mudler/localrecall/rag/engine/postgres.go:302.20,304.7 1 0
github.com/mudler/localrecall/rag/engine/postgres.go:310.3,315.17 2 0
github.com/mudler/localrecall/rag/engine/postgres.go:315.17,317.4 1 0
github.com/mudler/localrecall/rag/engine/postgres.go:320.2,320.12 1 0
github.com/mudler/localrecall/rag/engine/postgres.go:323.41,325.24 2 0
github.com/mudler/localrecall/rag/engine/postgres.go:325.24,327.3 1 0
github.com/mudler/localrecall/rag/engine/postgres.go:328.2,328.45 1 0
github.com/mudler/localrecall/rag/engine/postgres.go:331.34,335.16 4 0
github.com/mudler/localrecall/rag/engine/postgres.go:335.16,338.3 2 0
github.com/mudler/localrecall/rag/engine/postgres.go:339.2,339.14 1 0
github.com/mudler/localrecall/rag/engine/postgres.go:342.36,347.16 3 0
github.com/mudler/localrecall/rag/engine/postgres.go:347.16,349.3 1 0
github.com/mudler/localrecall/rag/engine/postgres.go:352.2,353.16 2 0
github.com/mudler/localrecall/rag/engine/postgres.go:353.16,355.3 1 0
github.com/mudler/localrecall/rag/engine/postgres.go:358.2,358.26 1 0
github.com/mudler/localrecall/rag/engine/postgres.go:361.60,371.16 4 0
github.com/mudler/localrecall/rag/engine/postgres.go:371.16,373.3 1 0
github.com/mudler/localrecall/rag/engine/postgres.go:376.2,380.16 3 0
github.com/mudler/localrecall/rag/engine/postgres.go:380.16,382.3 1 0
github.com/mudler/localrecall/rag/engine/postgres.go:385.2,387.24 3 0
github.com/mudler/localrecall/rag/engine/postgres.go:390.53,393.2 1 0
github.com/mudler/localrecall/rag/engine/postgres.go:395.95,402.16 2 0
github.com/mudler/localrecall/rag/engine/postgres.go:402.16,404.3 1 0
github.com/mudler/localrecall/rag/engine/postgres.go:406.2,406.25 1 0
github.com/mudler/localrecall/rag/engine/postgres.go:406.25,408.3 1 0
github.com/mudler/localrecall/rag/engine/postgres.go:410.2,410.36 1 0
github.com/mudler/localrecall/rag/engine/postgres.go:413.82,415.16 2 0
github.com/mudler/localrecall/rag/engine/postgres.go:415.16,417.3 1 0
github.com/mudler/localrecall/rag/engine/postgres.go:418.2,418.23 1 0
github.com/mudler/localrecall/rag/engine/postgres.go:418.23,420.3 1 0
github.com/mudler/localrecall/rag/engine/postgres.go:421.2,421.24 1 0
github.com/mudler/localrecall/rag/engine/postgres.go:424.95,425.17 1 0
github.com/mudler/localrecall/rag/engine/postgres.go:425.17,427.3 1 0
github.com/mudler/localrecall/rag/engine/postgres.go:429.2,439.16 4 0
github.com/mudler/localrecall/rag/engine/postgres.go:439.16,441.3 1 0
github.com/mudler/localrecall/rag/engine/postgres.go:443.2,443.30 1 0
github.com/mudler/localrecall/rag/engine/postgres.go:443.30,445.3 1 0
github.com/mudler/localrecall/rag/engine/postgres.go:448.2,449.16 2 0
github.com/mudler/localrecall/rag/engine/postgres.go:449.16,451.3 1 0
github.com/mudler/localrecall/rag/engine/postgres.go:454.2,454.28 1 0
github.com/mudler/localrecall/rag/engine/postgres.go:454.28,460.18 4 0
github.com/mudler/localrecall/rag/engine/postgres.go:460.18,462.4 1 0
github.com/mudler/localrecall/rag/engine/postgres.go:465.3,466.18 2 0
github.com/mudler/localrecall/rag/engine/postgres.go:466.18,468.4 1 0
github.com/mudler/localrecall/rag/engine/postgres.go:470.3,477.17 3 0
github.com/mudler/localrecall/rag/engine/postgres.go:477.17,479.4 1 0
github.com/mudler/localrecall/rag/engine/postgres.go:481.3,483.5 1 0
github.com/mudler/localrecall/rag/engine/postgres.go:486.2,486.21 1 0
github.com/mudler/localrecall/rag/engine/postgres.go:489.109,492.18 2 0
github.com/mudler/localrecall/rag/engine/postgres.go:492.18,495.29 2 0
github.com/mudler/localrecall/rag/engine/postgres.go:495.29,496.53 1 0
github.com/mudler/localrecall/rag/engine/postgres.go:496.53,498.5 1 0
github.com/mudler/localrecall/rag/engine/postgres.go:500.3,500.22 1 0
github.com/mudler/localrecall/rag/engine/postgres.go:500.22,504.4 3 0
github.com/mudler/localrecall/rag/engine/postgres.go:505.3,505.13 1 0
github.com/mudler/localrecall/rag/engine/postgres.go:509.2,509.20 1 0
github.com/mudler/localrecall/rag/engine/postgres.go:509.20,513.27 4 0
github.com/mudler/localrecall/rag/engine/postgres.go:513.27,517.4 3 0
github.com/mudler/localrecall/rag/engine/postgres.go:518.3,520.13 3 0
github.com/mudler/localrecall/rag/engine/postgres.go:523.2,523.12 1 0
github.com/mudler/localrecall/rag/engine/postgres.go:526.63,539.16 7 0
github.com/mudler/localrecall/rag/engine/postgres.go:539.16,541.3 1 0
github.com/mudler/localrecall/rag/engine/postgres.go:544.2,545.27 2 0
github.com/mudler/localrecall/rag/engine/postgres.go:545.27,546.72 1 0
github.com/mudler/localrecall/rag/engine/postgres.go:546.73,548.4 0 0
github.com/mudler/localrecall/rag/engine/postgres.go:550.2,550.34 1 0
github.com/mudler/localrecall/rag/engine/postgres.go:550.34,552.3 1 0
github.com/mudler/localrecall/rag/engine/postgres.go:554.2,554.20 1 0
github.com/mudler/localrecall/rag/engine/postgres.go:557.83,562.16 3 0
github.com/mudler/localrecall/rag/engine/postgres.go:562.16,564.3 1 0
github.com/mudler/localrecall/rag/engine/postgres.go:565.2,586.16 4 0
github.com/mudler/localrecall/rag/engine/postgres.go:586.16,602.17 4 0
github.com/mudler/localrecall/rag/engine/postgres.go:602.17,604.4 1 0
github.com/mudler/localrecall/rag/engine/postgres.go:606.2,609.18 3 0
github.com/mudler/localrecall/rag/engine/postgres.go:609.18,615.17 5 0
github.com/mudler/localrecall/rag/engine/postgres.go:615.17,616.12 1 0
github.com/mudler/localrecall/rag/engine/postgres.go:620.3,621.28 2 0
github.com/mudler/localrecall/rag/engine/postgres.go:621.28,622.68 1 0
github.com/mudler/localrecall/rag/engine/postgres.go:622.69,624.5 0 0
github.com/mudler/localrecall/rag/engine/postgres.go:626.3,626.18 1 0
github.com/mudler/localrecall/rag/engine/postgres.go:626.18,628.4 1 0
github.com/mudler/localrecall/rag/engine/postgres.go:630.3,630.31 1 0
github.com/mudler/localrecall/rag/engine/postgres.go:633.2,633.21 1 0
